Case #1: 999999999 999999999
Case #2: 263033536 663033523
Case #3: 193698193 993698131
Case #4: 171598404 971158404
Case #5: 306755908 986755300
Case #6: 108421587 858421017
Case #7: 183606692 986606312
Case #8: 0 0
Case #9: 304349675 904345673
Case #10: 397609664 997604663
Case #11: 122934895 922931845
Case #12: 114346739 914146733
Case #13: 349039537 949037533
Case #14: 10 10
Case #15: 9099999 9999990
Case #16: 174742259 974712254
Case #17: 176048690 976018640
Case #18: 575906967 975905667
Case #19: 223795494 929735424
Case #20: 20426394 90426234
