Case #1: Helpdesk ChosHawkerCenter SugarShack BlueBottle LivingTheDream
Case #2: Arcade
Case #3: LateHarvest HalalTruck LightningBolts MamaPennys Harvest Helpdesk DentalOffice ColdBrewMachine TransportationHub SonOfPingAndPong RainbowStairs LikeSign FakeCrosswalk Ballpit FukiSushiInOldenDays FullCircle SugarShack CafeEpic FreshOrangeJuice ShuttlePlatform Nanokitchen TuringInDominoes NailPolishRoomBlock MPK20Roof BurgerShack SaintFrank HackerSquare
Case #4: BridgeClub ZucksOldOffice FreshOrangeJuice BurgerShack Microkitchen ColdBrewMachine NailPolishRoomBlock
Case #5: WoodenSculpture
Case #6: ZucksOldOffice Harvest PopUpShop SonOfPingAndPong LikeSign SwagStore PhilzCoffee
Case #7: PhilzCoffee NailPolishRoomBlock FukiSushiInOldenDays ColdBrewMachine
Case #8: SwagStore CafeEpic FreshOrangeJuice FullCircle WallOfPhones TuringInDominoes HalalTruck
Case #9: MPK20Roof FreshOrangeJuice LightningBolts BahnAppetit WoodenSculpture TransportationHub Helpdesk CafeEpic WallOfPhones Arcade FullCircle Microkitchen SugarShack Nanokitchen BurgerShack SweetStop ZucksOffice Sol SaintFrank DentalOffice BlueBottle VerveCoffee
Case #10: Nanokitchen MPK20Roof BlueBottle Microkitchen BridgeClub ConstitutionDeli TechVendingMachine FukiSushiInOldenDays WallOfPhones SweetStop BurgerShack LikeSign Helpdesk OculusDemoLab HackerSquare MamaPennys PopUpShop ZucksOldOffice PhilzCoffee FullCircle NailPolishRoomBlock ChosHawkerCenter SwagStore
Case #11: BlueBottle NailPolishRoomBlock HackerSquare WallOfPhones LateHarvest BridgeClub Harvest Microkitchen WoodenSculpture ConstitutionDeli LightningBolts DentalOffice FullCircle SugarShack LivingTheDream PopUpShop RainbowStairs ChosHawkerCenter HotfixBar PhilzCoffee ColdBrewMachine ShuttlePlatform MPK20Roof Arcade CafeEpic SweetStop VerveCoffee SwagStore ZucksOffice FukiSushiInOldenDays TransportationHub HalalTruck Sol TechVendingMachine
Case #12: WoodenSculpture Harvest FukiSushiInOldenDays PopUpShop ShuttlePlatform BahnAppetit NailPolishRoomBlock SwagStore SugarShack
Case #13: BahnAppetit LightningBolts FakeCrosswalk SwagStore HotfixBar VerveCoffee FukiSushiInOldenDays ColdBrewMachine PopUpShop LikeSign WallOfPhones BlueBottle TechVendingMachine FullCircle Arcade
Case #14: LightningBolts Ballpit PopUpShop TuringInDominoes VerveCoffee
Case #15: TransportationHub Ballpit RainbowStairs SwagStore BridgeClub ZucksOffice
Case #16: LikeSign SweetStop SwagStore
Case #17: LightningBolts VerveCoffee
Case #18: Nanokitchen DentalOffice SwagStore BlueBottle FoxGazebo SonOfPingAndPong VerveCoffee ChosHawkerCenter NailPolishRoomBlock Microkitchen
Case #19: PopUpShop FoxPainting LateHarvest TuringInDominoes BurgerShack LivingTheDream ChosHawkerCenter SugarShack BahnAppetit ColdBrewMachine Ballpit
Case #20: Harvest FukiSushiInOldenDays ZucksOldOffice NailPolishRoomBlock MPK20Roof
Case #21: TuringInDominoes Microkitchen BridgeClub FreshOrangeJuice
Case #22: SweetStop Harvest ZucksOffice OculusDemoLab HalalTruck Arcade BridgeClub MamaPennys SwagStore PhilzCoffee Sol CafeEpic LivingTheDream Microkitchen SugarShack NailPolishRoomBlock RainbowStairs BahnAppetit BlueBottle TransportationHub FullCircle ColdBrewMachine PopUpShop SaintFrank ChosHawkerCenter ZucksOldOffice Nanokitchen LateHarvest ConstitutionDeli FoxGazebo
Case #23: PopUpShop
Case #24: OculusDemoLab Ballpit ZucksOffice VerveCoffee SugarShack SaintFrank FoxGazebo RainbowStairs Nanokitchen TransportationHub LightningBolts BlueBottle BurgerShack WallOfPhones ConstitutionDeli MPK20Roof ChosHawkerCenter HalalTruck WoodenSculpture MamaPennys PopUpShop CafeEpic LivingTheDream LateHarvest FukiSushiInOldenDays FoxPainting
Case #25: VerveCoffee FullCircle LikeSign
Case #26: ColdBrewMachine WoodenSculpture LightningBolts SweetStop BahnAppetit FukiSushiInOldenDays BurgerShack ConstitutionDeli ChosHawkerCenter ShuttlePlatform LikeSign MPK20Roof Ballpit Sol TechVendingMachine NailPolishRoomBlock
Case #27: RainbowStairs WallOfPhones FoxGazebo Helpdesk Arcade Harvest NailPolishRoomBlock FullCircle PopUpShop OculusDemoLab SaintFrank MamaPennys Sol FoxPainting HalalTruck LateHarvest FakeCrosswalk SugarShack BlueBottle SweetStop TuringInDominoes CafeEpic LivingTheDream DentalOffice ZucksOffice SonOfPingAndPong Nanokitchen ColdBrewMachine MPK20Roof WoodenSculpture PhilzCoffee BahnAppetit SwagStore FreshOrangeJuice ConstitutionDeli ShuttlePlatform LightningBolts ZucksOldOffice LikeSign TechVendingMachine Ballpit
Case #28: WallOfPhones RainbowStairs HackerSquare NailPolishRoomBlock DentalOffice ConstitutionDeli Harvest LivingTheDream BridgeClub Nanokitchen HalalTruck LightningBolts BurgerShack SonOfPingAndPong OculusDemoLab VerveCoffee ShuttlePlatform ZucksOffice TechVendingMachine TuringInDominoes LateHarvest Microkitchen
Case #29: WoodenSculpture MPK20Roof Harvest Nanokitchen
Case #30: SaintFrank SonOfPingAndPong WallOfPhones SweetStop VerveCoffee WoodenSculpture Nanokitchen
Case #31: ShuttlePlatform BridgeClub Microkitchen BlueBottle LightningBolts OculusDemoLab NailPolishRoomBlock SweetStop LikeSign ZucksOffice FullCircle HotfixBar SaintFrank LivingTheDream Helpdesk MPK20Roof Arcade ColdBrewMachine Sol WallOfPhones FoxPainting RainbowStairs DentalOffice FakeCrosswalk PhilzCoffee TuringInDominoes PopUpShop
Case #32: Sol Helpdesk PhilzCoffee OculusDemoLab VerveCoffee LateHarvest Ballpit SweetStop DentalOffice NailPolishRoomBlock SwagStore BurgerShack SonOfPingAndPong MamaPennys ColdBrewMachine ConstitutionDeli FullCircle Nanokitchen ShuttlePlatform CafeEpic Microkitchen TuringInDominoes MPK20Roof SaintFrank Harvest LikeSign ZucksOffice ChosHawkerCenter WoodenSculpture SugarShack WallOfPhones HotfixBar FoxPainting
Case #33: VerveCoffee LightningBolts BlueBottle SwagStore
Case #34: FreshOrangeJuice ColdBrewMachine OculusDemoLab ZucksOffice FoxPainting Ballpit WoodenSculpture VerveCoffee BlueBottle HackerSquare LikeSign
Case #35: Ballpit Helpdesk NailPolishRoomBlock MPK20Roof FullCircle TuringInDominoes BlueBottle OculusDemoLab HackerSquare LivingTheDream FakeCrosswalk FreshOrangeJuice PhilzCoffee FukiSushiInOldenDays Nanokitchen BridgeClub WallOfPhones LateHarvest ConstitutionDeli LikeSign VerveCoffee Microkitchen DentalOffice Sol ChosHawkerCenter TransportationHub ZucksOffice RainbowStairs HotfixBar SonOfPingAndPong BurgerShack PopUpShop Harvest LightningBolts TechVendingMachine HalalTruck
Case #36: SweetStop
Case #37: ZucksOldOffice ZucksOffice BlueBottle TransportationHub
Case #38: BahnAppetit HackerSquare ZucksOffice Arcade FoxPainting NailPolishRoomBlock SonOfPingAndPong BlueBottle FreshOrangeJuice Helpdesk DentalOffice MamaPennys MPK20Roof Ballpit SweetStop TechVendingMachine ChosHawkerCenter LivingTheDream FullCircle SaintFrank CafeEpic PopUpShop ShuttlePlatform WoodenSculpture SugarShack TransportationHub PhilzCoffee LikeSign
Case #39: ZucksOldOffice ChosHawkerCenter Harvest SonOfPingAndPong Nanokitchen TuringInDominoes HotfixBar MPK20Roof FoxGazebo Arcade HackerSquare Ballpit FukiSushiInOldenDays SugarShack CafeEpic Helpdesk ColdBrewMachine
Case #40: WallOfPhones Nanokitchen MamaPennys HalalTruck TransportationHub
Case #41: CafeEpic Sol TransportationHub TuringInDominoes
Case #42: LivingTheDream Harvest PhilzCoffee MamaPennys
Case #43: TechVendingMachine Arcade
Case #44: TuringInDominoes LivingTheDream HackerSquare WoodenSculpture
Case #45: FoxGazebo MPK20Roof WoodenSculpture Biryani
Case #46: ShuttlePlatform NailPolishRoomBlock TechVendingMachine PopUpShop FukiSushiInOldenDays ChosHawkerCenter Arcade BridgeClub LightningBolts HotfixBar MPK20Roof
Case #47: ZucksOldOffice Harvest FakeCrosswalk WallOfPhones LateHarvest HotfixBar Helpdesk
Case #48: Nanokitchen PhilzCoffee SaintFrank VerveCoffee LivingTheDream FakeCrosswalk FoxGazebo LikeSign FreshOrangeJuice BurgerShack NailPolishRoomBlock SonOfPingAndPong FoxPainting PopUpShop RainbowStairs TransportationHub ColdBrewMachine ZucksOffice ZucksOldOffice BahnAppetit
Case #49: PhilzCoffee HalalTruck Microkitchen MPK20Roof ColdBrewMachine
Case #50: ChosHawkerCenter Arcade FoxGazebo FukiSushiInOldenDays WallOfPhones HackerSquare VerveCoffee BurgerShack HotfixBar FreshOrangeJuice WoodenSculpture
Case #51: FoxPainting Microkitchen FreshOrangeJuice
Case #52: HalalTruck FreshOrangeJuice
Case #53: TransportationHub SaintFrank
Case #54: BridgeClub WoodenSculpture DentalOffice FukiSushiInOldenDays BahnAppetit Nanokitchen LivingTheDream TuringInDominoes ShuttlePlatform ZucksOffice TechVendingMachine
Case #55: WoodenSculpture WallOfPhones OculusDemoLab HalalTruck FreshOrangeJuice LivingTheDream MamaPennys Arcade
Case #56: FukiSushiInOldenDays ColdBrewMachine FreshOrangeJuice CafeEpic SwagStore Helpdesk FullCircle MamaPennys BahnAppetit LateHarvest Harvest
Case #57: FullCircle Sol MPK20Roof Arcade FoxPainting HotfixBar
Case #58: PhilzCoffee CafeEpic FukiSushiInOldenDays Microkitchen RainbowStairs LivingTheDream WoodenSculpture FoxGazebo FoxPainting OculusDemoLab Sol SaintFrank FullCircle SweetStop ChosHawkerCenter ColdBrewMachine BahnAppetit Ballpit VerveCoffee TechVendingMachine PopUpShop TransportationHub ConstitutionDeli WallOfPhones FakeCrosswalk ZucksOldOffice MamaPennys NailPolishRoomBlock Helpdesk LikeSign HotfixBar LateHarvest Harvest Nanokitchen BridgeClub ZucksOffice BurgerShack DentalOffice Arcade ShuttlePlatform FreshOrangeJuice BlueBottle
Case #59: BahnAppetit SaintFrank PopUpShop ColdBrewMachine BridgeClub
Case #60: LikeSign Arcade SwagStore
Case #61: LikeSign Arcade SweetStop
Case #62: ShuttlePlatform BlueBottle
Case #63: ZucksOffice ChosHawkerCenter LivingTheDream FullCircle SaintFrank RainbowStairs MamaPennys ConstitutionDeli SugarShack TuringInDominoes MPK20Roof BridgeClub LightningBolts WallOfPhones FreshOrangeJuice SweetStop Nanokitchen Ballpit Sol LikeSign TransportationHub SonOfPingAndPong OculusDemoLab
Case #64: HackerSquare FukiSushiInOldenDays BlueBottle ConstitutionDeli FoxGazebo
Case #65: MPK20Roof BridgeClub FukiSushiInOldenDays ConstitutionDeli Sol TransportationHub BlueBottle LivingTheDream SugarShack MamaPennys BahnAppetit Nanokitchen HotfixBar LateHarvest Microkitchen HalalTruck BurgerShack Ballpit OculusDemoLab LightningBolts Harvest
Case #66: ZucksOffice HackerSquare Helpdesk SugarShack
Case #67: Harvest TechVendingMachine
Case #68: TransportationHub BahnAppetit MamaPennys BlueBottle FreshOrangeJuice Microkitchen BurgerShack CafeEpic ShuttlePlatform
Case #69: ZucksOffice TransportationHub OculusDemoLab ChosHawkerCenter DentalOffice Microkitchen ShuttlePlatform CafeEpic SugarShack TuringInDominoes LivingTheDream ConstitutionDeli
Case #70: SwagStore BahnAppetit Harvest BridgeClub ZucksOffice WallOfPhones TechVendingMachine LateHarvest Microkitchen Nanokitchen ZucksOldOffice NailPolishRoomBlock DentalOffice FoxPainting Arcade VerveCoffee BlueBottle ShuttlePlatform Sol SugarShack LightningBolts TuringInDominoes MPK20Roof WoodenSculpture FakeCrosswalk HotfixBar BurgerShack FreshOrangeJuice FoxGazebo LikeSign ChosHawkerCenter MamaPennys LivingTheDream PopUpShop FullCircle TransportationHub SweetStop RainbowStairs PhilzCoffee SaintFrank HackerSquare
Case #71: NailPolishRoomBlock LightningBolts BlueBottle RainbowStairs ChosHawkerCenter MamaPennys Helpdesk Arcade SonOfPingAndPong
Case #72: Harvest TechVendingMachine FreshOrangeJuice LightningBolts Sol DentalOffice
Case #73: Helpdesk SonOfPingAndPong MPK20Roof WoodenSculpture CafeEpic LivingTheDream HalalTruck FukiSushiInOldenDays OculusDemoLab
Case #74: ZucksOffice SweetStop
Case #75: Sol FoxGazebo HotfixBar PhilzCoffee NailPolishRoomBlock SaintFrank WoodenSculpture CafeEpic WallOfPhones HackerSquare BurgerShack DentalOffice ZucksOldOffice Nanokitchen ShuttlePlatform
Case #76: WallOfPhones ConstitutionDeli BridgeClub TuringInDominoes BahnAppetit ZucksOffice OculusDemoLab Microkitchen Arcade ShuttlePlatform NailPolishRoomBlock SweetStop SwagStore HackerSquare TechVendingMachine SonOfPingAndPong
Case #77: ZucksOldOffice FullCircle TransportationHub Helpdesk LivingTheDream
Case #78: LateHarvest ZucksOldOffice CafeEpic MPK20Roof SwagStore Microkitchen NailPolishRoomBlock FullCircle TuringInDominoes FukiSushiInOldenDays Harvest WoodenSculpture Arcade FoxGazebo WallOfPhones LikeSign ZucksOffice BridgeClub HackerSquare Nanokitchen BurgerShack FakeCrosswalk ConstitutionDeli
Case #79: PhilzCoffee ZucksOffice BlueBottle HackerSquare ChosHawkerCenter
Case #80: WallOfPhones
